[0.007s] Invoking command in '/home/zenix/git/ros2/build/pose_monitor': CMAKE_PREFIX_PATH=${CMAKE_PREFIX_PATH}:/opt/ros/jazzy DEBUGINFOD_URLS=https://debuginfod.ubuntu.com /usr/bin/cmake --build /home/zenix/git/ros2/build/pose_monitor -- -j28 -l28
[0.044s] -- Found ament_cmake: 2.5.4 (/opt/ros/jazzy/share/ament_cmake/cmake)
[0.250s] -- Found rclcpp: 28.1.12 (/opt/ros/jazzy/share/rclcpp/cmake)
[0.277s] -- Found rosidl_generator_c: 4.6.6 (/opt/ros/jazzy/share/rosidl_generator_c/cmake)
[0.286s] -- Found rosidl_generator_cpp: 4.6.6 (/opt/ros/jazzy/share/rosidl_generator_cpp/cmake)
[0.293s] -- Using all available rosidl_typesupport_c: rosidl_typesupport_fastrtps_c;rosidl_typesupport_introspection_c
[0.301s] -- Using all available rosidl_typesupport_cpp: rosidl_typesupport_fastrtps_cpp;rosidl_typesupport_introspection_cpp
[0.339s] -- Found rmw_implementation_cmake: 7.3.2 (/opt/ros/jazzy/share/rmw_implementation_cmake/cmake)
[0.341s] -- Found rmw_fastrtps_cpp: 8.4.3 (/opt/ros/jazzy/share/rmw_fastrtps_cpp/cmake)
[0.384s] -- Using RMW implementation 'rmw_fastrtps_cpp' as default
[0.430s] -- Found geometry_msgs: 5.3.6 (/opt/ros/jazzy/share/geometry_msgs/cmake)
[0.448s] -- Found tf2: 0.36.14 (/opt/ros/jazzy/share/tf2/cmake)
[0.450s] -- Found tf2_geometry_msgs: 0.36.14 (/opt/ros/jazzy/share/tf2_geometry_msgs/cmake)
[0.453s] -- Found eigen3_cmake_module: 0.3.0 (/opt/ros/jazzy/share/eigen3_cmake_module/cmake)
[0.454s] -- Ensuring Eigen3 include directory is part of orocos-kdl CMake target
[0.518s] -- Found cv_bridge: 4.1.0 (/opt/ros/jazzy/share/cv_bridge/cmake)
[0.540s] -- Found ament_lint_auto: 0.17.3 (/opt/ros/jazzy/share/ament_lint_auto/cmake)
[0.591s] -- Added test 'copyright' to check source files copyright and LICENSE
[0.592s] -- Added test 'cppcheck' to perform static code analysis on C / C++ code
[0.592s] -- Configured cppcheck include dirs: 
[0.592s] -- Configured cppcheck exclude dirs and/or files: 
[0.593s] -- Added test 'cpplint' to check C / C++ code against the Google style
[0.593s] -- Configured cpplint exclude dirs and/or files: 
[0.593s] -- Added test 'flake8' to check Python code syntax and style conventions
[0.593s] -- Configured 'flake8' exclude dirs and/or files: 
[0.594s] -- Added test 'lint_cmake' to check CMake code style
[0.594s] -- Added test 'pep257' to check Python code against some of the docstring style conventions in PEP 257
[0.595s] -- Added test 'uncrustify' to check C / C++ code style
[0.595s] -- Configured uncrustify additional arguments: 
[0.595s] -- Added test 'xmllint' to check XML markup files
[0.596s] -- Configuring done (0.6s)
[0.607s] -- Generating done (0.0s)
[0.609s] -- Build files have been written to: /home/zenix/git/ros2/build/pose_monitor
[0.649s] [ 50%] [32mBuilding CXX object CMakeFiles/pose_monitor_node.dir/src/pose_monitor_node.cpp.o[0m
[0.869s] gmake[2]: *** [CMakeFiles/pose_monitor_node.dir/build.make:76: CMakeFiles/pose_monitor_node.dir/src/pose_monitor_node.cpp.o] μΈν„°λ½νΈ
[0.870s] gmake[1]: *** [CMakeFiles/Makefile2:137: CMakeFiles/pose_monitor_node.dir/all] μΈν„°λ½νΈ
[0.870s] gmake: *** [Makefile:146: all] μΈν„°λ½νΈ
[0.871s] Invoked command in '/home/zenix/git/ros2/build/pose_monitor' returned '-2': CMAKE_PREFIX_PATH=${CMAKE_PREFIX_PATH}:/opt/ros/jazzy DEBUGINFOD_URLS=https://debuginfod.ubuntu.com /usr/bin/cmake --build /home/zenix/git/ros2/build/pose_monitor -- -j28 -l28
